<?xml version="1.0" encoding="UTF-8"?>
<!-- Generated by org.testng.reporters.JUnitReportReporter -->
<testsuite skipped="0" hostname="venkatesh-PC" name="testprogram.testscripts" tests="2" failures="0" timestamp="18 Jan 2020 10:05:45 GMT" time="117.062" errors="0">
  <testcase name="note" time="84.219" classname="testprogram.testscripts"/>
  <testcase name="bright" time="32.843" classname="testprogram.testscripts"/>
</testsuite> <!-- testprogram.testscripts -->
