<?xml version="1.0" encoding="UTF-8"?>
<!-- Generated by org.testng.reporters.JUnitReportReporter -->
<testsuite skipped="0" hostname="venkatesh-PC" name="baseclass.baseprogram" tests="1" failures="0" timestamp="11 Jan 2020 11:33:32 GMT" time="29.398" errors="0">
  <testcase name="bright" time="29.398" classname="baseclass.baseprogram"/>
</testsuite> <!-- baseclass.baseprogram -->
