<?xml version="1.0" encoding="UTF-8"?>
<!-- Generated by org.testng.reporters.JUnitReportReporter -->
<testsuite skipped="0" hostname="venkatesh-PC" name="multiwindow.multipage" tests="2" failures="0" timestamp="11 Jan 2020 12:11:39 GMT" time="27.121" errors="0">
  <testcase name="mainwindow" time="13.275" classname="multiwindow.multipage"/>
  <testcase name="bright" time="13.846" classname="multiwindow.multipage"/>
</testsuite> <!-- multiwindow.multipage -->
